<?xml version="1.0" encoding="UTF-8"?>
<testng-results ignored="0" total="1" passed="1" failed="0" skipped="0">
  <reporter-output>
  </reporter-output>
  <suite started-at="2022-07-04T13:40:08 CEST" name="Default suite" finished-at="2022-07-04T13:40:15 CEST" duration-ms="6903">
    <groups>
    </groups>
    <test started-at="2022-07-04T13:40:08 CEST" name="Default test" finished-at="2022-07-04T13:40:15 CEST" duration-ms="6903">
      <class name="AinicioTestNG.HsubirArchivo">
        <test-method is-config="true" signature="beforeClass()[pri:0, instance:AinicioTestNG.HsubirArchivo@6cd28fa7]" started-at="2022-07-04T13:40:08 CEST" name="beforeClass" finished-at="2022-07-04T13:40:12 CEST" duration-ms="4454" status="PASS">
          <reporter-output>
          </reporter-output>
        </test-method> <!-- beforeClass -->
        <test-method signature="subirArchivo()[pri:0, instance:AinicioTestNG.HsubirArchivo@6cd28fa7]" started-at="2022-07-04T13:40:12 CEST" name="subirArchivo" finished-at="2022-07-04T13:40:13 CEST" duration-ms="1339" status="PASS">
          <reporter-output>
          </reporter-output>
        </test-method> <!-- subirArchivo -->
        <test-method is-config="true" signature="afterClass()[pri:0, instance:AinicioTestNG.HsubirArchivo@6cd28fa7]" started-at="2022-07-04T13:40:14 CEST" name="afterClass" finished-at="2022-07-04T13:40:15 CEST" duration-ms="999" status="PASS">
          <reporter-output>
          </reporter-output>
        </test-method> <!-- afterClass -->
      </class> <!-- AinicioTestNG.HsubirArchivo -->
    </test> <!-- Default test -->
  </suite> <!-- Default suite -->
</testng-results>
