<?xml version="1.0" encoding="UTF-8"?>
<!-- Generated by org.testng.reporters.JUnitXMLReporter -->
<testsuite ignored="2" hostname="MR26176P" failures="2" tests="4" name=" conjunto " time="13.08" errors="0" timestamp="2022-06-29T18:46:55 CEST">
  <testcase classname="AinicioTestNG.FejecutarVariasClases" name="test2" time="0.02"/>
  <testcase classname="AinicioTestNG.FejecutarVariasClases" name="test3" time="0.026">
    <failure type="java.lang.AssertionError" message="deben tener el mismo título expected [Welcome: Mercury Tour] but found [Welcome: Mercury Tours]">
      <![CDATA[java.lang.AssertionError: deben tener el mismo título expected [Welcome: Mercury Tour] but found [Welcome: Mercury Tours]
at AinicioTestNG.FejecutarVariasClases.test3(FejecutarVariasClases.java:72)
at java.base/java.util.ArrayList.forEach(ArrayList.java:1511)
... Removed 30 stack frames]]>
    </failure>
  </testcase> <!-- test3 -->
  <testcase classname="AinicioTestNG.FejecutarVariasClases2" name="test2" time="0.051"/>
  <testcase classname="AinicioTestNG.FejecutarVariasClases2" name="test3" time="0.012">
    <failure type="java.lang.AssertionError" message="deben tener el mismo título expected [Welcome: Mercury Tour] but found [Welcome: Mercury Tours]">
      <![CDATA[java.lang.AssertionError: deben tener el mismo título expected [Welcome: Mercury Tour] but found [Welcome: Mercury Tours]
at AinicioTestNG.FejecutarVariasClases2.test3(FejecutarVariasClases2.java:64)
at java.base/java.util.ArrayList.forEach(ArrayList.java:1511)
... Removed 30 stack frames]]>
    </failure>
  </testcase> <!-- test3 -->
  <testcase classname="AinicioTestNG.FejecutarVariasClases2" name="test1" time="0.0">
    <ignored/>
  </testcase> <!-- test1 -->
  <testcase classname="AinicioTestNG.FejecutarVariasClases" name="test1" time="0.0">
    <ignored/>
  </testcase> <!-- test1 -->
</testsuite> <!--  conjunto  -->
