<?xml version="1.0" encoding="UTF-8"?>
<!-- Generated by org.testng.reporters.JUnitXMLReporter -->
<testsuite ignored="3" hostname="MR26176P" failures="3" tests="6" name="subGrupo del grupo " time="22.235" errors="0" timestamp="2022-06-30T10:26:01 CEST">
  <testcase classname="AinicioTestNG.FejecutarVariasClases" name="test2" time="0.341"/>
  <testcase classname="AinicioTestNG.FejecutarVariasClases" name="test3" time="0.055">
    <failure type="java.lang.AssertionError" message="deben tener el mismo título expected [Welcome: Mercury Tour] but found [Welcome: Mercury Tours]">
      <![CDATA[java.lang.AssertionError: deben tener el mismo título expected [Welcome: Mercury Tour] but found [Welcome: Mercury Tours]
at AinicioTestNG.FejecutarVariasClases.test3(FejecutarVariasClases.java:80)
at java.base/java.util.concurrent.FutureTask.run(FutureTask.java:264)
at java.base/java.util.concurrent.ThreadPoolExecutor.runWorker(ThreadPoolExecutor.java:1136)
at java.base/java.util.concurrent.ThreadPoolExecutor$Worker.run(ThreadPoolExecutor.java:635)
at java.base/java.lang.Thread.run(Thread.java:833)
... Removed 11 stack frames]]>
    </failure>
  </testcase> <!-- test3 -->
  <testcase classname="AinicioTestNG.FejecutarVariasClases2" name="test2" time="0.032"/>
  <testcase classname="AinicioTestNG.FejecutarVariasClases2" name="test3" time="0.287">
    <failure type="java.lang.AssertionError" message="deben tener el mismo título expected [Welcome: Mercury Tour] but found [Welcome: Mercury Tours]">
      <![CDATA[java.lang.AssertionError: deben tener el mismo título expected [Welcome: Mercury Tour] but found [Welcome: Mercury Tours]
at AinicioTestNG.FejecutarVariasClases2.test3(FejecutarVariasClases2.java:69)
at java.base/java.util.concurrent.FutureTask.run(FutureTask.java:264)
at java.base/java.util.concurrent.ThreadPoolExecutor.runWorker(ThreadPoolExecutor.java:1136)
at java.base/java.util.concurrent.ThreadPoolExecutor$Worker.run(ThreadPoolExecutor.java:635)
at java.base/java.lang.Thread.run(Thread.java:833)
... Removed 11 stack frames]]>
    </failure>
  </testcase> <!-- test3 -->
  <testcase classname="AinicioTestNG.DsuiteTimeout" name="test3" time="0.437"/>
  <testcase classname="AinicioTestNG.DsuiteTimeout" name="test2" time="1.074">
    <failure type="java.lang.AssertionError" message="deben tener el mismo título expected [Welcome: Mercury Tour] but found [Welcome: Mercury Tours]">
      <![CDATA[java.lang.AssertionError: deben tener el mismo título expected [Welcome: Mercury Tour] but found [Welcome: Mercury Tours]
at AinicioTestNG.DsuiteTimeout.test2(DsuiteTimeout.java:76)
at java.base/java.util.concurrent.FutureTask.run(FutureTask.java:264)
at java.base/java.util.concurrent.ThreadPoolExecutor.runWorker(ThreadPoolExecutor.java:1136)
at java.base/java.util.concurrent.ThreadPoolExecutor$Worker.run(ThreadPoolExecutor.java:635)
at java.base/java.lang.Thread.run(Thread.java:833)
... Removed 11 stack frames]]>
    </failure>
  </testcase> <!-- test2 -->
  <testcase classname="AinicioTestNG.FejecutarVariasClases2" name="test1" time="0.0">
    <ignored/>
  </testcase> <!-- test1 -->
  <testcase classname="AinicioTestNG.DsuiteTimeout" name="test1" time="0.0">
    <ignored/>
  </testcase> <!-- test1 -->
  <testcase classname="AinicioTestNG.FejecutarVariasClases" name="test1" time="0.0">
    <ignored/>
  </testcase> <!-- test1 -->
</testsuite> <!-- subGrupo del grupo  -->
